{"C:\\Users\\bread\\LFA\\lap2\\project\\server\\db\\connect.js": {"path":"C:\\Users\\bread\\LFA\\lap2\\project\\server\\db\\connect.js","statementMap":{"0":{"start":{"line":1,"column":17},"end":{"line":1,"column":30}},"1":{"start":{"line":3,"column":11},"end":{"line":5,"column":2}},"2":{"start":{"line":7,"column":0},"end":{"line":7,"column":42}},"3":{"start":{"line":9,"column":0},"end":{"line":9,"column":20}}},"fnMap":{},"branchMap":{},"s":{"0":1,"1":1,"2":1,"3":1},"f":{},"b":{},"_coverageSchema":"1a1c01bbd47fc00a2c39e90264f33305004495a9","hash":"c9ed2db0fba5d0d85d798eb720ff4268e4744b79"}
,"C:\\Users\\bread\\LFA\\lap2\\project\\server\\models\\Item.js": {"path":"C:\\Users\\bread\\LFA\\lap2\\project\\server\\models\\Item.js","statementMap":{"0":{"start":{"line":13,"column":11},"end":{"line":13,"column":35}},"1":{"start":{"line":17,"column":4},"end":{"line":17,"column":31}},"2":{"start":{"line":18,"column":4},"end":{"line":18,"column":35}},"3":{"start":{"line":19,"column":4},"end":{"line":19,"column":35}},"4":{"start":{"line":20,"column":4},"end":{"line":20,"column":49}},"5":{"start":{"line":21,"column":4},"end":{"line":21,"column":28}},"6":{"start":{"line":22,"column":4},"end":{"line":22,"column":36}},"7":{"start":{"line":26,"column":4},"end":{"line":31,"column":5}},"8":{"start":{"line":27,"column":20},"end":{"line":27,"column":57}},"9":{"start":{"line":28,"column":6},"end":{"line":28,"column":46}},"10":{"start":{"line":28,"column":33},"end":{"line":28,"column":44}},"11":{"start":{"line":30,"column":6},"end":{"line":30,"column":40}},"12":{"start":{"line":35,"column":4},"end":{"line":48,"column":5}},"13":{"start":{"line":36,"column":6},"end":{"line":36,"column":82}},"14":{"start":{"line":37,"column":23},"end":{"line":38,"column":71}},"15":{"start":{"line":39,"column":19},"end":{"line":39,"column":45}},"16":{"start":{"line":40,"column":6},"end":{"line":40,"column":24}},"17":{"start":{"line":42,"column":6},"end":{"line":42,"column":120}},"18":{"start":{"line":44,"column":6},"end":{"line":44,"column":18}},"19":{"start":{"line":47,"column":6},"end":{"line":47,"column":56}},"20":{"start":{"line":52,"column":0},"end":{"line":52,"column":22}}},"fnMap":{"0":{"name":"(anonymous_0)","decl":{"start":{"line":16,"column":2},"end":{"line":16,"column":3}},"loc":{"start":{"line":16,"column":20},"end":{"line":23,"column":3}},"line":16},"1":{"name":"(anonymous_1)","decl":{"start":{"line":25,"column":2},"end":{"line":25,"column":3}},"loc":{"start":{"line":25,"column":31},"end":{"line":32,"column":3}},"line":25},"2":{"name":"(anonymous_2)","decl":{"start":{"line":28,"column":28},"end":{"line":28,"column":29}},"loc":{"start":{"line":28,"column":33},"end":{"line":28,"column":44}},"line":28},"3":{"name":"(anonymous_3)","decl":{"start":{"line":34,"column":2},"end":{"line":34,"column":3}},"loc":{"start":{"line":34,"column":28},"end":{"line":49,"column":3}},"line":34}},"branchMap":{},"s":{"0":1,"1":2,"2":2,"3":2,"4":2,"5":2,"6":2,"7":0,"8":0,"9":0,"10":0,"11":0,"12":0,"13":0,"14":0,"15":0,"16":0,"17":0,"18":0,"19":0,"20":1},"f":{"0":2,"1":0,"2":0,"3":0},"b":{},"_coverageSchema":"1a1c01bbd47fc00a2c39e90264f33305004495a9","hash":"95c6ca0a9ea6e372fcb28ebb171fc38636a2509f"}
}
