TN:
SF:db\connect.js
FNF:0
FNH:0
DA:1,4
DA:3,4
DA:7,4
DA:9,4
LF:4
LH:4
BRF:0
BRH:0
end_of_record
TN:
SF:models\Item.js
FN:4,(anonymous_0)
FN:13,(anonymous_1)
FN:16,(anonymous_2)
FN:22,(anonymous_3)
FN:32,(anonymous_4)
FN:50,(anonymous_5)
FN:60,(anonymous_6)
FNF:7
FNH:5
FNDA:6,(anonymous_0)
FNDA:2,(anonymous_1)
FNDA:2,(anonymous_2)
FNDA:2,(anonymous_3)
FNDA:1,(anonymous_4)
FNDA:0,(anonymous_5)
FNDA:0,(anonymous_6)
DA:1,1
DA:5,6
DA:6,6
DA:7,6
DA:8,6
DA:9,6
DA:10,6
DA:14,2
DA:15,2
DA:16,2
DA:18,1
DA:23,2
DA:24,2
DA:25,1
DA:27,1
DA:33,1
DA:34,1
DA:35,1
DA:37,1
DA:38,1
DA:39,1
DA:43,1
DA:46,0
DA:51,0
DA:53,0
DA:54,0
DA:57,0
DA:61,0
DA:62,0
DA:63,0
DA:65,0
DA:66,0
DA:70,1
LF:33
LH:23
BRDA:53,0,0,0
BRDA:53,0,1,0
BRDA:62,1,0,0
BRDA:62,1,1,0
BRF:4
BRH:0
end_of_record
TN:
SF:models\cafeAccount.js
FN:4,(anonymous_0)
FN:11,(anonymous_1)
FN:16,(anonymous_2)
FN:19,(anonymous_3)
FN:27,(anonymous_4)
FN:35,(anonymous_5)
FN:49,(anonymous_6)
FNF:7
FNH:6
FNDA:5,(anonymous_0)
FNDA:1,(anonymous_1)
FNDA:2,(anonymous_2)
FNDA:2,(anonymous_3)
FNDA:0,(anonymous_4)
FNDA:2,(anonymous_5)
FNDA:1,(anonymous_6)
DA:1,1
DA:5,5
DA:6,5
DA:7,5
DA:8,5
DA:12,1
DA:13,1
DA:14,0
DA:16,2
DA:20,2
DA:21,2
DA:22,1
DA:24,1
DA:28,0
DA:29,0
DA:30,0
DA:32,0
DA:36,2
DA:37,2
DA:38,1
DA:41,1
DA:46,1
DA:50,1
DA:51,1
DA:52,1
DA:57,1
LF:26
LH:21
BRDA:13,0,0,0
BRDA:13,0,1,1
BRDA:21,1,0,1
BRDA:21,1,1,1
BRDA:29,2,0,0
BRDA:29,2,1,0
BRDA:37,3,0,1
BRDA:37,3,1,1
BRF:8
BRH:5
end_of_record
TN:
SF:models\cafeCustomer.js
FN:4,(anonymous_0)
FN:11,(anonymous_1)
FN:16,(anonymous_2)
FN:19,(anonymous_3)
FN:27,(anonymous_4)
FN:44,(anonymous_5)
FNF:6
FNH:6
FNDA:6,(anonymous_0)
FNDA:1,(anonymous_1)
FNDA:2,(anonymous_2)
FNDA:2,(anonymous_3)
FNDA:2,(anonymous_4)
FNDA:1,(anonymous_5)
DA:1,1
DA:5,6
DA:6,6
DA:7,6
DA:8,6
DA:12,1
DA:13,1
DA:14,0
DA:16,2
DA:20,2
DA:21,2
DA:22,1
DA:24,1
DA:28,2
DA:29,2
DA:30,2
DA:36,2
DA:37,2
DA:38,1
DA:40,1
DA:45,1
DA:46,1
DA:47,1
DA:51,1
LF:24
LH:23
BRDA:13,0,0,0
BRDA:13,0,1,1
BRDA:21,1,0,1
BRDA:21,1,1,1
BRF:4
BRH:3
end_of_record
TN:
SF:models\cafeFixer.js
FN:4,(anonymous_0)
FN:13,(anonymous_1)
FN:18,(anonymous_2)
FN:21,(anonymous_3)
FN:29,(anonymous_4)
FN:46,(anonymous_5)
FN:68,(anonymous_6)
FNF:7
FNH:7
FNDA:7,(anonymous_0)
FNDA:1,(anonymous_1)
FNDA:2,(anonymous_2)
FNDA:2,(anonymous_3)
FNDA:2,(anonymous_4)
FNDA:2,(anonymous_5)
FNDA:1,(anonymous_6)
DA:1,1
DA:5,7
DA:6,7
DA:7,7
DA:8,7
DA:9,7
DA:10,7
DA:14,1
DA:15,1
DA:16,0
DA:18,2
DA:22,2
DA:23,2
DA:24,1
DA:26,1
DA:30,2
DA:31,2
DA:32,2
DA:37,2
DA:39,2
DA:40,1
DA:42,1
DA:47,2
DA:48,2
DA:55,2
DA:56,2
DA:57,2
DA:58,1
DA:61,1
DA:62,1
DA:64,1
DA:69,1
DA:70,1
DA:74,1
LF:34
LH:33
BRDA:15,0,0,0
BRDA:15,0,1,1
BRDA:23,1,0,1
BRDA:23,1,1,1
BRDA:57,2,0,1
BRDA:57,2,1,1
BRF:6
BRH:5
end_of_record
